TN:
SF:/home/bran2/braiven.io/unit-trust-master/src/index.js
FN:30,(anonymous_1)
FN:50,(anonymous_2)
FN:68,(anonymous_3)
FNF:3
FNH:3
FNDA:1,(anonymous_1)
FNDA:1,(anonymous_2)
FNDA:1,(anonymous_3)
DA:1,1
DA:2,1
DA:3,1
DA:5,1
DA:6,1
DA:7,1
DA:8,1
DA:9,1
DA:10,1
DA:11,1
DA:13,1
DA:14,1
DA:15,1
DA:16,1
DA:18,1
DA:19,1
DA:21,1
DA:23,1
DA:24,1
DA:26,1
DA:28,1
DA:30,1
DA:32,1
DA:43,1
DA:45,1
DA:46,1
DA:47,1
DA:48,1
DA:50,1
DA:51,1
DA:52,0
DA:55,1
DA:67,1
DA:68,1
LF:34
LH:33
BRDA:28,0,0,1
BRDA:28,0,1,0
BRDA:51,1,0,0
BRDA:51,1,1,1
BRDA:67,2,0,1
BRDA:67,2,1,0
BRF:6
BRH:3
end_of_record
TN:
SF:/home/bran2/braiven.io/unit-trust-master/src/graphql/index.js
FNF:0
FNH:0
DA:1,1
DA:2,1
LF:2
LH:2
BRF:0
BRH:0
end_of_record
TN:
SF:/home/bran2/braiven.io/unit-trust-master/src/graphql/resolvers/Mutation/index.js
FN:3,hello
FNF:1
FNH:0
FNDA:0,hello
DA:1,1
DA:6,0
LF:2
LH:1
BRF:0
BRH:0
end_of_record
TN:
SF:/home/bran2/braiven.io/unit-trust-master/src/graphql/resolvers/Mutation/companies/index.js
FN:9,(anonymous_7)
FN:9,_callee
FN:22,(anonymous_11)
FN:22,_callee2
FN:39,(anonymous_15)
FN:39,_callee3
FN:53,(anonymous_19)
FN:53,_callee4
FN:67,(anonymous_23)
FNF:9
FNH:9
FNDA:3,(anonymous_7)
FNDA:8,_callee
FNDA:2,(anonymous_11)
FNDA:4,_callee2
FNDA:2,(anonymous_15)
FNDA:4,_callee3
FNDA:2,(anonymous_19)
FNDA:4,_callee4
FNDA:15,(anonymous_23)
DA:1,1
DA:2,1
DA:4,1
DA:5,1
DA:7,1
DA:9,26
DA:10,2
DA:11,2
DA:22,12
DA:23,1
DA:24,1
DA:27,1
DA:39,12
DA:40,1
DA:53,12
DA:54,1
DA:68,15
LF:17
LH:17
BRDA:9,0,0,2
BRDA:9,0,1,1
BRDA:9,0,2,1
BRDA:9,0,3,0
BRDA:9,0,4,2
BRDA:22,1,0,1
BRDA:22,1,1,1
BRDA:22,1,2,0
BRDA:22,1,3,0
BRDA:22,1,4,1
BRDA:39,2,0,1
BRDA:39,2,1,1
BRDA:39,2,2,0
BRDA:39,2,3,0
BRDA:39,2,4,1
BRDA:53,3,0,1
BRDA:53,3,1,1
BRDA:53,3,2,0
BRDA:53,3,3,0
BRDA:53,3,4,1
BRF:20
BRH:13
end_of_record
TN:
SF:/home/bran2/braiven.io/unit-trust-master/src/graphql/resolvers/Mutation/companies/model.js
FNF:0
FNH:0
DA:1,1
LF:1
LH:1
BRF:0
BRH:0
end_of_record
TN:
SF:/home/bran2/braiven.io/unit-trust-master/src/graphql/resolvers/Mutation/companies/configurations/index.js
FN:5,(anonymous_6)
FN:5,_callee
FN:18,(anonymous_10)
FN:18,_callee2
FN:34,(anonymous_14)
FNF:5
FNH:5
FNDA:2,(anonymous_6)
FNDA:4,_callee
FNDA:2,(anonymous_10)
FNDA:4,_callee2
FNDA:2,(anonymous_14)
DA:1,1
DA:2,1
DA:4,1
DA:5,12
DA:6,1
DA:7,1
DA:18,12
DA:19,1
DA:20,1
DA:23,1
DA:29,0
DA:35,2
LF:12
LH:11
BRDA:5,0,0,1
BRDA:5,0,1,1
BRDA:5,0,2,0
BRDA:5,0,3,0
BRDA:5,0,4,1
BRDA:18,1,0,1
BRDA:18,1,1,1
BRDA:18,1,2,0
BRDA:18,1,3,0
BRDA:18,1,4,1
BRF:10
BRH:6
end_of_record
TN:
SF:/home/bran2/braiven.io/unit-trust-master/src/graphql/resolvers/Mutation/companies/configurations/model.js
FNF:0
FNH:0
DA:1,1
LF:1
LH:1
BRF:0
BRH:0
end_of_record
TN:
SF:/home/bran2/braiven.io/unit-trust-master/src/graphql/resolvers/Mutation/companies/securities/index.js
FN:8,(anonymous_7)
FN:8,_callee
FN:21,(anonymous_11)
FN:21,_callee2
FN:36,(anonymous_15)
FNF:5
FNH:5
FNDA:2,(anonymous_7)
FNDA:4,_callee
FNDA:2,(anonymous_11)
FNDA:4,_callee2
FNDA:8,(anonymous_15)
DA:1,1
DA:2,1
DA:4,1
DA:6,1
DA:8,12
DA:9,1
DA:10,1
DA:21,12
DA:22,1
DA:23,1
DA:26,1
DA:37,8
LF:12
LH:12
BRDA:8,0,0,1
BRDA:8,0,1,1
BRDA:8,0,2,0
BRDA:8,0,3,0
BRDA:8,0,4,1
BRDA:21,1,0,1
BRDA:21,1,1,1
BRDA:21,1,2,0
BRDA:21,1,3,0
BRDA:21,1,4,1
BRF:10
BRH:6
end_of_record
TN:
SF:/home/bran2/braiven.io/unit-trust-master/src/graphql/resolvers/Mutation/companies/securities/model.js
FNF:0
FNH:0
DA:1,1
LF:1
LH:1
BRF:0
BRH:0
end_of_record
TN:
SF:/home/bran2/braiven.io/unit-trust-master/src/graphql/resolvers/Mutation/companies/securities/expenses/index.js
FN:6,(anonymous_6)
FN:6,_callee
FN:20,(anonymous_10)
FN:20,_callee2
FN:35,(anonymous_14)
FNF:5
FNH:5
FNDA:2,(anonymous_6)
FNDA:4,_callee
FNDA:2,(anonymous_10)
FNDA:4,_callee2
FNDA:4,(anonymous_14)
DA:1,1
DA:2,1
DA:4,1
DA:6,12
DA:7,1
DA:8,1
DA:15,0
DA:20,12
DA:21,1
DA:22,1
DA:25,1
DA:36,4
LF:12
LH:11
BRDA:6,0,0,1
BRDA:6,0,1,1
BRDA:6,0,2,0
BRDA:6,0,3,0
BRDA:6,0,4,1
BRDA:20,1,0,1
BRDA:20,1,1,1
BRDA:20,1,2,0
BRDA:20,1,3,0
BRDA:20,1,4,1
BRF:10
BRH:6
end_of_record
TN:
SF:/home/bran2/braiven.io/unit-trust-master/src/graphql/resolvers/Mutation/companies/securities/expenses/model.js
FNF:0
FNH:0
DA:1,1
LF:1
LH:1
BRF:0
BRH:0
end_of_record
TN:
SF:/home/bran2/braiven.io/unit-trust-master/src/graphql/resolvers/Query/index.js
FN:15,hello
FNF:1
FNH:1
FNDA:1,hello
DA:1,1
DA:2,1
DA:3,1
DA:15,1
LF:4
LH:4
BRF:0
BRH:0
end_of_record
TN:
SF:/home/bran2/braiven.io/unit-trust-master/src/graphql/resolvers/Query/companies/index.js
FN:3,(anonymous_6)
FN:3,_callee
FN:12,(anonymous_10)
FN:12,_callee2
FN:21,(anonymous_14)
FN:21,_callee3
FNF:6
FNH:5
FNDA:2,(anonymous_6)
FNDA:4,_callee
FNDA:1,(anonymous_10)
FNDA:0,_callee2
FNDA:4,(anonymous_14)
FNDA:12,_callee3
DA:1,1
DA:3,11
DA:4,1
DA:12,3
DA:13,0
DA:21,33
DA:22,3
DA:24,3
LF:8
LH:7
BRDA:3,0,0,1
BRDA:3,0,1,1
BRDA:3,0,2,0
BRDA:3,0,3,1
BRDA:12,1,0,0
BRDA:12,1,1,0
BRDA:12,1,2,0
BRDA:12,1,3,0
BRDA:21,2,0,3
BRDA:21,2,1,3
BRDA:21,2,2,0
BRDA:21,2,3,3
BRF:12
BRH:6
end_of_record
TN:
SF:/home/bran2/braiven.io/unit-trust-master/src/graphql/resolvers/Query/companies/configurations/index.js
FN:3,(anonymous_0)
FN:12,(anonymous_1)
FN:21,(anonymous_2)
FNF:3
FNH:0
FNDA:0,(anonymous_0)
FNDA:0,(anonymous_1)
FNDA:0,(anonymous_2)
DA:1,0
DA:3,0
DA:4,0
DA:9,0
DA:12,0
DA:13,0
DA:18,0
DA:21,0
DA:22,0
DA:24,0
DA:28,0
LF:11
LH:0
BRF:0
BRH:0
end_of_record
TN:
SF:/home/bran2/braiven.io/unit-trust-master/src/graphql/resolvers/Query/companies/securities/index.js
FN:3,(anonymous_6)
FN:3,_callee
FN:12,(anonymous_10)
FN:12,_callee2
FN:21,(anonymous_14)
FN:21,_callee3
FNF:6
FNH:4
FNDA:1,(anonymous_6)
FNDA:0,_callee
FNDA:1,(anonymous_10)
FNDA:0,_callee2
FNDA:3,(anonymous_14)
FNDA:8,_callee3
DA:1,1
DA:3,3
DA:4,0
DA:12,3
DA:13,0
DA:21,22
DA:22,2
DA:24,2
LF:8
LH:6
BRDA:3,0,0,0
BRDA:3,0,1,0
BRDA:3,0,2,0
BRDA:3,0,3,0
BRDA:12,1,0,0
BRDA:12,1,1,0
BRDA:12,1,2,0
BRDA:12,1,3,0
BRDA:21,2,0,2
BRDA:21,2,1,2
BRDA:21,2,2,0
BRDA:21,2,3,2
BRF:12
BRH:3
end_of_record
TN:
SF:/home/bran2/braiven.io/unit-trust-master/src/graphql/resolvers/Query/companies/securities/expenses/index.js
FN:3,(anonymous_6)
FN:3,_callee
FN:12,(anonymous_10)
FN:12,_callee2
FN:21,(anonymous_14)
FN:21,_callee3
FNF:6
FNH:4
FNDA:1,(anonymous_6)
FNDA:0,_callee
FNDA:1,(anonymous_10)
FNDA:0,_callee2
FNDA:2,(anonymous_14)
FNDA:4,_callee3
DA:1,1
DA:3,3
DA:4,0
DA:12,3
DA:13,0
DA:21,11
DA:22,1
DA:24,1
LF:8
LH:6
BRDA:3,0,0,0
BRDA:3,0,1,0
BRDA:3,0,2,0
BRDA:3,0,3,0
BRDA:12,1,0,0
BRDA:12,1,1,0
BRDA:12,1,2,0
BRDA:12,1,3,0
BRDA:21,2,0,1
BRDA:21,2,1,1
BRDA:21,2,2,0
BRDA:21,2,3,1
BRF:12
BRH:3
end_of_record
